  imgui-SFML.cpp
e:\sfml_mes\library\imgui\imgui.h(127): warning C4244: '인수': 'const float'에서 'int'(으)로 변환하면서 데이터가 손실될 수 있습니다.
  e:\sfml_mes\library\imgui\imgui-sfml.cpp(324): note: 컴파일 중인 함수 템플릿 인스턴스화 'ImVec2::operator sf::Vector2<int>(void) const<int>'에 대한 참조를 확인하십시오.
  imgui.cpp
  imgui_demo.cpp
  imgui_draw.cpp
  Main.cpp
e:\sfml_mes\source\main.cpp(23): warning C4101: 'ScreenHelper' :참조되지 않은 지역 변수입니다.
e:\sfml_mes\source\main.cpp(22): warning C4101: 'StringHelper' :참조되지 않은 지역 변수입니다.
imgui-SFML.obj : error LNK2001: __imp__glViewport@16 외부 기호를 확인할 수 없습니다.
imgui-SFML.obj : error LNK2001: __imp__glEnableClientState@4 외부 기호를 확인할 수 없습니다.
imgui-SFML.obj : error LNK2001: __imp__glPopAttrib@0 외부 기호를 확인할 수 없습니다.
imgui-SFML.obj : error LNK2001: __imp__glBindTexture@8 외부 기호를 확인할 수 없습니다.
imgui-SFML.obj : error LNK2001: __imp__glVertexPointer@16 외부 기호를 확인할 수 없습니다.
imgui-SFML.obj : error LNK2001: __imp__glEnable@4 외부 기호를 확인할 수 없습니다.
imgui-SFML.obj : error LNK2001: __imp__glScissor@16 외부 기호를 확인할 수 없습니다.
imgui-SFML.obj : error LNK2001: __imp__glMatrixMode@4 외부 기호를 확인할 수 없습니다.
imgui-SFML.obj : error LNK2001: __imp__glBlendFunc@8 외부 기호를 확인할 수 없습니다.
imgui-SFML.obj : error LNK2001: __imp__glLoadIdentity@0 외부 기호를 확인할 수 없습니다.
imgui-SFML.obj : error LNK2001: __imp__glTexCoordPointer@16 외부 기호를 확인할 수 없습니다.
imgui-SFML.obj : error LNK2001: __imp__glColorPointer@16 외부 기호를 확인할 수 없습니다.
imgui-SFML.obj : error LNK2001: __imp__glDrawElements@16 외부 기호를 확인할 수 없습니다.
imgui-SFML.obj : error LNK2001: __imp__glDisable@4 외부 기호를 확인할 수 없습니다.
imgui-SFML.obj : error LNK2001: __imp__glOrtho@48 외부 기호를 확인할 수 없습니다.
imgui-SFML.obj : error LNK2001: __imp__glPushAttrib@4 외부 기호를 확인할 수 없습니다.
E:\SFML_Mes\Visual Project\Release\Visual Project.exe : fatal error LNK1120: 16개의 확인할 수 없는 외부 참조입니다.
